<?xml version="1.0" encoding="UTF-8"?>
<!-- Generated by org.testng.reporters.JUnitXMLReporter -->
<testsuite ignored="0" hostname="Gayatri-LP" failures="0" tests="3" name="Default test" time="6.441" errors="0" timestamp="2022-09-28T17:54:28 PDT">
  <testcase classname="github.restapi.tests.GetUserFollowers" name="testHeaderServer" time="0.006"/>
  <testcase classname="github.restapi.tests.GetUserFollowers" name="testStatusCode" time="0.001"/>
  <testcase classname="github.restapi.tests.GetUserFollowers" name="testStatusLine" time="0.001"/>
</testsuite> <!-- Default test -->
