<?xml version="1.0" encoding="UTF-8"?>
<!-- Generated by org.testng.reporters.JUnitXMLReporter -->
<testsuite ignored="0" hostname="Gayatri-LP" failures="0" tests="26" name="GitHubAPITesting" time="42.487" errors="0" timestamp="2022-09-26T12:01:17 PDT">
  <testcase classname="github.restapi.tests.CreateRepoAPITest" name="createRepoTest" time="1.67"/>
  <testcase classname="github.restapi.tests.CreateRepoAPITest" name="createRepoTest" time="2.581"/>
  <testcase classname="github.restapi.tests.CreateRepoAPITest" name="createRepoTest" time="1.26"/>
  <testcase classname="github.restapi.tests.CreateRepoAPITest" name="createRepoTest" time="1.379"/>
  <testcase classname="github.restapi.tests.CreateRepoAPITest" name="createRepoTest" time="1.251"/>
  <testcase classname="github.restapi.tests.CreateRepoAPITest" name="testHeaderContentType" time="0.002"/>
  <testcase classname="github.restapi.tests.CreateRepoAPITest" name="testHeaderServer" time="0.0"/>
  <testcase classname="github.restapi.tests.CreateRepoAPITest" name="testStatusCode" time="0.0"/>
  <testcase classname="github.restapi.tests.CreateRepoAPITest" name="testStatusLine" time="0.001"/>
  <testcase classname="github.restapi.tests.GetSpecificUserRepoTest" name="testHeaderContentType" time="0.0"/>
  <testcase classname="github.restapi.tests.GetSpecificUserRepoTest" name="testHeaderEncoding" time="0.0"/>
  <testcase classname="github.restapi.tests.GetSpecificUserRepoTest" name="testHeaderServer" time="0.0"/>
  <testcase classname="github.restapi.tests.GetSpecificUserRepoTest" name="testStatusCode" time="0.0"/>
  <testcase classname="github.restapi.tests.GetSpecificUserRepoTest" name="testStatusLine" time="0.0"/>
  <testcase classname="github.restapi.tests.UpdateRepoAPITest" name="testHeaderContentType" time="0.0"/>
  <testcase classname="github.restapi.tests.UpdateRepoAPITest" name="testHeaderEncoding" time="0.0"/>
  <testcase classname="github.restapi.tests.UpdateRepoAPITest" name="testHeaderServer" time="0.0"/>
  <testcase classname="github.restapi.tests.UpdateRepoAPITest" name="testStatusCode" time="0.0"/>
  <testcase classname="github.restapi.tests.UpdateRepoAPITest" name="testStatusLine" time="0.0"/>
  <testcase classname="github.restapi.tests.FollowAUserAPITest" name="testHeaderServer" time="0.001"/>
  <testcase classname="github.restapi.tests.FollowAUserAPITest" name="testStatusCode" time="0.0"/>
  <testcase classname="github.restapi.tests.FollowAUserAPITest" name="testStatusLine" time="0.0"/>
  <testcase classname="github.restapi.tests.DeleteGitHubRepoTest" name="testStatusCode" time="0.001"/>
  <testcase classname="github.restapi.tests.UnfollowUserAPITest" name="testHeaderServer" time="0.0"/>
  <testcase classname="github.restapi.tests.UnfollowUserAPITest" name="testStatusCode" time="0.0"/>
  <testcase classname="github.restapi.tests.UnfollowUserAPITest" name="testStatusLine" time="0.0"/>
</testsuite> <!-- GitHubAPITesting -->
