<?xml version="1.0" encoding="UTF-8"?>
<!-- Generated by org.testng.reporters.JUnitXMLReporter -->
<testsuite ignored="0" hostname="Gayatri-LP" failures="0" tests="26" name="GitHubAPITesting" time="41.608" errors="0" timestamp="2022-10-14T10:22:52 PDT">
  <testcase classname="github.restapi.tests.CreateRepoAPITest" name="createRepoTest" time="1.272"/>
  <testcase classname="github.restapi.tests.CreateRepoAPITest" name="createRepoTest" time="1.398"/>
  <testcase classname="github.restapi.tests.CreateRepoAPITest" name="createRepoTest" time="1.451"/>
  <testcase classname="github.restapi.tests.CreateRepoAPITest" name="createRepoTest" time="1.901"/>
  <testcase classname="github.restapi.tests.CreateRepoAPITest" name="createRepoTest" time="1.545"/>
  <testcase classname="github.restapi.tests.CreateRepoAPITest" name="testHeaderContentType" time="0.002"/>
  <testcase classname="github.restapi.tests.CreateRepoAPITest" name="testHeaderServer" time="0.001"/>
  <testcase classname="github.restapi.tests.CreateRepoAPITest" name="testStatusCode" time="0.0"/>
  <testcase classname="github.restapi.tests.CreateRepoAPITest" name="testStatusLine" time="0.001"/>
  <testcase classname="github.restapi.tests.GetSpecificUserRepoTest" name="testHeaderContentType" time="0.001"/>
  <testcase classname="github.restapi.tests.GetSpecificUserRepoTest" name="testHeaderEncoding" time="0.0"/>
  <testcase classname="github.restapi.tests.GetSpecificUserRepoTest" name="testHeaderServer" time="0.0"/>
  <testcase classname="github.restapi.tests.GetSpecificUserRepoTest" name="testStatusCode" time="0.0"/>
  <testcase classname="github.restapi.tests.GetSpecificUserRepoTest" name="testStatusLine" time="0.0"/>
  <testcase classname="github.restapi.tests.UpdateRepoAPITest" name="testHeaderContentType" time="0.0"/>
  <testcase classname="github.restapi.tests.UpdateRepoAPITest" name="testHeaderEncoding" time="0.0"/>
  <testcase classname="github.restapi.tests.UpdateRepoAPITest" name="testHeaderServer" time="0.0"/>
  <testcase classname="github.restapi.tests.UpdateRepoAPITest" name="testStatusCode" time="0.0"/>
  <testcase classname="github.restapi.tests.UpdateRepoAPITest" name="testStatusLine" time="0.0"/>
  <testcase classname="github.restapi.tests.FollowAUserAPITest" name="testHeaderServer" time="0.0"/>
  <testcase classname="github.restapi.tests.FollowAUserAPITest" name="testStatusCode" time="0.0"/>
  <testcase classname="github.restapi.tests.FollowAUserAPITest" name="testStatusLine" time="0.0"/>
  <testcase classname="github.restapi.tests.DeleteGitHubRepoTest" name="testStatusCode" time="0.001"/>
  <testcase classname="github.restapi.tests.UnfollowUserAPITest" name="testHeaderServer" time="0.0"/>
  <testcase classname="github.restapi.tests.UnfollowUserAPITest" name="testStatusCode" time="0.0"/>
  <testcase classname="github.restapi.tests.UnfollowUserAPITest" name="testStatusLine" time="0.0"/>
</testsuite> <!-- GitHubAPITesting -->
