<?xml version="1.0" encoding="UTF-8"?>
<testng-results ignored="0" total="26" passed="26" failed="0" skipped="0">
  <reporter-output>
  </reporter-output>
  <suite started-at="2022-10-14T10:22:10 PDT" name="RestAPITesting" finished-at="2022-10-14T10:22:52 PDT" duration-ms="41608">
    <groups>
    </groups>
    <test started-at="2022-10-14T10:22:10 PDT" name="GitHubAPITesting" finished-at="2022-10-14T10:22:52 PDT" duration-ms="41608">
      <class name="github.restapi.tests.FollowAUserAPITest">
        <test-method is-config="true" signature="followSpecificUserTest()[pri:0, instance:github.restapi.tests.FollowAUserAPITest@525575]" started-at="2022-10-14T10:22:34 PDT" name="followSpecificUserTest" finished-at="2022-10-14T10:22:34 PDT" duration-ms="325" status="PASS">
          <reporter-output>
          </reporter-output>
        </test-method> <!-- followSpecificUserTest -->
        <test-method signature="testHeaderServer()[pri:0, instance:github.restapi.tests.FollowAUserAPITest@525575]" started-at="2022-10-14T10:22:34 PDT" name="testHeaderServer" finished-at="2022-10-14T10:22:34 PDT" duration-ms="0" status="PASS">
          <reporter-output>
          </reporter-output>
        </test-method> <!-- testHeaderServer -->
        <test-method signature="testStatusCode()[pri:0, instance:github.restapi.tests.FollowAUserAPITest@525575]" started-at="2022-10-14T10:22:34 PDT" name="testStatusCode" finished-at="2022-10-14T10:22:34 PDT" duration-ms="0" status="PASS">
          <reporter-output>
          </reporter-output>
        </test-method> <!-- testStatusCode -->
        <test-method signature="testStatusLine()[pri:0, instance:github.restapi.tests.FollowAUserAPITest@525575]" started-at="2022-10-14T10:22:34 PDT" name="testStatusLine" finished-at="2022-10-14T10:22:34 PDT" duration-ms="0" status="PASS">
          <reporter-output>
          </reporter-output>
        </test-method> <!-- testStatusLine -->
        <test-method is-config="true" signature="cleanUp()[pri:0, instance:github.restapi.tests.FollowAUserAPITest@525575]" started-at="2022-10-14T10:22:34 PDT" name="cleanUp" finished-at="2022-10-14T10:22:39 PDT" duration-ms="5010" status="PASS">
          <reporter-output>
          </reporter-output>
        </test-method> <!-- cleanUp -->
      </class> <!-- github.restapi.tests.FollowAUserAPITest -->
      <class name="github.restapi.tests.DeleteGitHubRepoTest">
        <test-method is-config="true" signature="deleteRepository()[pri:0, instance:github.restapi.tests.DeleteGitHubRepoTest@46dffdc3]" started-at="2022-10-14T10:22:39 PDT" name="deleteRepository" finished-at="2022-10-14T10:22:42 PDT" duration-ms="2094" status="PASS">
          <reporter-output>
          </reporter-output>
        </test-method> <!-- deleteRepository -->
        <test-method signature="testStatusCode()[pri:0, instance:github.restapi.tests.DeleteGitHubRepoTest@46dffdc3]" started-at="2022-10-14T10:22:42 PDT" name="testStatusCode" finished-at="2022-10-14T10:22:42 PDT" duration-ms="1" status="PASS">
          <reporter-output>
          </reporter-output>
        </test-method> <!-- testStatusCode -->
        <test-method is-config="true" signature="cleanUp()[pri:0, instance:github.restapi.tests.DeleteGitHubRepoTest@46dffdc3]" started-at="2022-10-14T10:22:42 PDT" name="cleanUp" finished-at="2022-10-14T10:22:47 PDT" duration-ms="5006" status="PASS">
          <reporter-output>
          </reporter-output>
        </test-method> <!-- cleanUp -->
      </class> <!-- github.restapi.tests.DeleteGitHubRepoTest -->
      <class name="github.restapi.tests.CreateRepoAPITest">
        <test-method is-config="true" signature="ssetUP()[pri:0, instance:github.restapi.tests.CreateRepoAPITest@71c27ee8]" started-at="2022-10-14T10:22:10 PDT" name="ssetUP" finished-at="2022-10-14T10:22:10 PDT" duration-ms="7" status="PASS">
          <reporter-output>
          </reporter-output>
        </test-method> <!-- ssetUP -->
        <test-method signature="createRepoTest(java.lang.String,java.lang.String,java.lang.String,java.lang.String)[pri:0, instance:github.restapi.tests.CreateRepoAPITest@71c27ee8]" started-at="2022-10-14T10:22:11 PDT" name="createRepoTest" data-provider="GitHubRepoData" finished-at="2022-10-14T10:22:12 PDT" duration-ms="1272" status="PASS">
          <params>
            <param index="0">
              <value>
                <![CDATA[ GitHubHandling_UsingRestAssured]]>
              </value>
            </param>
            <param index="1">
              <value>
                <![CDATA[creating,updating,deleting Repos.
Follow or unfollow a user.
List repositories,notifications]]>
              </value>
            </param>
            <param index="2">
              <value>
                <![CDATA[http://github.com]]>
              </value>
            </param>
            <param index="3">
              <value>
                <![CDATA[false]]>
              </value>
            </param>
          </params>
          <reporter-output>
          </reporter-output>
        </test-method> <!-- createRepoTest -->
        <test-method signature="createRepoTest(java.lang.String,java.lang.String,java.lang.String,java.lang.String)[pri:0, instance:github.restapi.tests.CreateRepoAPITest@71c27ee8]" started-at="2022-10-14T10:22:12 PDT" name="createRepoTest" data-provider="GitHubRepoData" finished-at="2022-10-14T10:22:14 PDT" duration-ms="1398" status="PASS">
          <params>
            <param index="0">
              <value>
                <![CDATA[Guru99DemoPOM]]>
              </value>
            </param>
            <param index="1">
              <value>
                <![CDATA[created selenium automation project using Page Object Model]]>
              </value>
            </param>
            <param index="2">
              <value>
                <![CDATA[http://github.com]]>
              </value>
            </param>
            <param index="3">
              <value>
                <![CDATA[false]]>
              </value>
            </param>
          </params>
          <reporter-output>
          </reporter-output>
        </test-method> <!-- createRepoTest -->
        <test-method signature="createRepoTest(java.lang.String,java.lang.String,java.lang.String,java.lang.String)[pri:0, instance:github.restapi.tests.CreateRepoAPITest@71c27ee8]" started-at="2022-10-14T10:22:14 PDT" name="createRepoTest" data-provider="GitHubRepoData" finished-at="2022-10-14T10:22:15 PDT" duration-ms="1451" status="PASS">
          <params>
            <param index="0">
              <value>
                <![CDATA[RestAPIAutomationUsingHttpClients]]>
              </value>
            </param>
            <param index="1">
              <value>
                <![CDATA[Automated RestAPI using HttpClients]]>
              </value>
            </param>
            <param index="2">
              <value>
                <![CDATA[http://github.com]]>
              </value>
            </param>
            <param index="3">
              <value>
                <![CDATA[false]]>
              </value>
            </param>
          </params>
          <reporter-output>
          </reporter-output>
        </test-method> <!-- createRepoTest -->
        <test-method signature="createRepoTest(java.lang.String,java.lang.String,java.lang.String,java.lang.String)[pri:0, instance:github.restapi.tests.CreateRepoAPITest@71c27ee8]" started-at="2022-10-14T10:22:15 PDT" name="createRepoTest" data-provider="GitHubRepoData" finished-at="2022-10-14T10:22:17 PDT" duration-ms="1901" status="PASS">
          <params>
            <param index="0">
              <value>
                <![CDATA[SeleniumBasicsProject]]>
              </value>
            </param>
            <param index="1">
              <value>
                <![CDATA[all selenium basics:locators,frames,popups]]>
              </value>
            </param>
            <param index="2">
              <value>
                <![CDATA[http://github.com]]>
              </value>
            </param>
            <param index="3">
              <value>
                <![CDATA[false]]>
              </value>
            </param>
          </params>
          <reporter-output>
          </reporter-output>
        </test-method> <!-- createRepoTest -->
        <test-method signature="createRepoTest(java.lang.String,java.lang.String,java.lang.String,java.lang.String)[pri:0, instance:github.restapi.tests.CreateRepoAPITest@71c27ee8]" started-at="2022-10-14T10:22:17 PDT" name="createRepoTest" data-provider="GitHubRepoData" finished-at="2022-10-14T10:22:18 PDT" duration-ms="1545" status="PASS">
          <params>
            <param index="0">
              <value>
                <![CDATA[TestNGProject]]>
              </value>
            </param>
            <param index="1">
              <value>
                <![CDATA[covers all TestNG basics:annotations,data providers,extent reports,listeners]]>
              </value>
            </param>
            <param index="2">
              <value>
                <![CDATA[http://github.com]]>
              </value>
            </param>
            <param index="3">
              <value>
                <![CDATA[false]]>
              </value>
            </param>
          </params>
          <reporter-output>
          </reporter-output>
        </test-method> <!-- createRepoTest -->
        <test-method signature="testHeaderContentType()[pri:0, instance:github.restapi.tests.CreateRepoAPITest@71c27ee8]" started-at="2022-10-14T10:22:18 PDT" name="testHeaderContentType" finished-at="2022-10-14T10:22:18 PDT" duration-ms="2" status="PASS">
          <reporter-output>
          </reporter-output>
        </test-method> <!-- testHeaderContentType -->
        <test-method signature="testHeaderServer()[pri:0, instance:github.restapi.tests.CreateRepoAPITest@71c27ee8]" started-at="2022-10-14T10:22:18 PDT" name="testHeaderServer" finished-at="2022-10-14T10:22:18 PDT" duration-ms="1" status="PASS">
          <reporter-output>
          </reporter-output>
        </test-method> <!-- testHeaderServer -->
        <test-method signature="testStatusCode()[pri:0, instance:github.restapi.tests.CreateRepoAPITest@71c27ee8]" started-at="2022-10-14T10:22:18 PDT" name="testStatusCode" finished-at="2022-10-14T10:22:18 PDT" duration-ms="0" status="PASS">
          <reporter-output>
          </reporter-output>
        </test-method> <!-- testStatusCode -->
        <test-method signature="testStatusLine()[pri:0, instance:github.restapi.tests.CreateRepoAPITest@71c27ee8]" started-at="2022-10-14T10:22:18 PDT" name="testStatusLine" finished-at="2022-10-14T10:22:18 PDT" duration-ms="1" status="PASS">
          <reporter-output>
          </reporter-output>
        </test-method> <!-- testStatusLine -->
        <test-method is-config="true" signature="cleanUp()[pri:0, instance:github.restapi.tests.CreateRepoAPITest@71c27ee8]" started-at="2022-10-14T10:22:18 PDT" name="cleanUp" finished-at="2022-10-14T10:22:23 PDT" duration-ms="5015" status="PASS">
          <reporter-output>
          </reporter-output>
        </test-method> <!-- cleanUp -->
      </class> <!-- github.restapi.tests.CreateRepoAPITest -->
      <class name="github.restapi.tests.UpdateRepoAPITest">
        <test-method is-config="true" signature="upadateRepoTest()[pri:0, instance:github.restapi.tests.UpdateRepoAPITest@74bada02]" started-at="2022-10-14T10:22:29 PDT" name="upadateRepoTest" finished-at="2022-10-14T10:22:29 PDT" duration-ms="387" status="PASS">
          <reporter-output>
          </reporter-output>
        </test-method> <!-- upadateRepoTest -->
        <test-method signature="testHeaderContentType()[pri:0, instance:github.restapi.tests.UpdateRepoAPITest@74bada02]" started-at="2022-10-14T10:22:29 PDT" name="testHeaderContentType" finished-at="2022-10-14T10:22:29 PDT" duration-ms="0" status="PASS">
          <reporter-output>
          </reporter-output>
        </test-method> <!-- testHeaderContentType -->
        <test-method signature="testHeaderEncoding()[pri:0, instance:github.restapi.tests.UpdateRepoAPITest@74bada02]" started-at="2022-10-14T10:22:29 PDT" name="testHeaderEncoding" finished-at="2022-10-14T10:22:29 PDT" duration-ms="0" status="PASS">
          <reporter-output>
          </reporter-output>
        </test-method> <!-- testHeaderEncoding -->
        <test-method signature="testHeaderServer()[pri:0, instance:github.restapi.tests.UpdateRepoAPITest@74bada02]" started-at="2022-10-14T10:22:29 PDT" name="testHeaderServer" finished-at="2022-10-14T10:22:29 PDT" duration-ms="0" status="PASS">
          <reporter-output>
          </reporter-output>
        </test-method> <!-- testHeaderServer -->
        <test-method signature="testStatusCode()[pri:0, instance:github.restapi.tests.UpdateRepoAPITest@74bada02]" started-at="2022-10-14T10:22:29 PDT" name="testStatusCode" finished-at="2022-10-14T10:22:29 PDT" duration-ms="0" status="PASS">
          <reporter-output>
          </reporter-output>
        </test-method> <!-- testStatusCode -->
        <test-method signature="testStatusLine()[pri:0, instance:github.restapi.tests.UpdateRepoAPITest@74bada02]" started-at="2022-10-14T10:22:29 PDT" name="testStatusLine" finished-at="2022-10-14T10:22:29 PDT" duration-ms="0" status="PASS">
          <reporter-output>
          </reporter-output>
        </test-method> <!-- testStatusLine -->
        <test-method is-config="true" signature="cleanUp()[pri:0, instance:github.restapi.tests.UpdateRepoAPITest@74bada02]" started-at="2022-10-14T10:22:29 PDT" name="cleanUp" finished-at="2022-10-14T10:22:34 PDT" duration-ms="5005" status="PASS">
          <reporter-output>
          </reporter-output>
        </test-method> <!-- cleanUp -->
      </class> <!-- github.restapi.tests.UpdateRepoAPITest -->
      <class name="github.restapi.tests.UnfollowUserAPITest">
        <test-method is-config="true" signature="unfollowAUser()[pri:0, instance:github.restapi.tests.UnfollowUserAPITest@5a709816]" started-at="2022-10-14T10:22:47 PDT" name="unfollowAUser" finished-at="2022-10-14T10:22:47 PDT" duration-ms="299" status="PASS">
          <reporter-output>
          </reporter-output>
        </test-method> <!-- unfollowAUser -->
        <test-method signature="testHeaderServer()[pri:0, instance:github.restapi.tests.UnfollowUserAPITest@5a709816]" started-at="2022-10-14T10:22:47 PDT" name="testHeaderServer" finished-at="2022-10-14T10:22:47 PDT" duration-ms="0" status="PASS">
          <reporter-output>
          </reporter-output>
        </test-method> <!-- testHeaderServer -->
        <test-method signature="testStatusCode()[pri:0, instance:github.restapi.tests.UnfollowUserAPITest@5a709816]" started-at="2022-10-14T10:22:47 PDT" name="testStatusCode" finished-at="2022-10-14T10:22:47 PDT" duration-ms="0" status="PASS">
          <reporter-output>
          </reporter-output>
        </test-method> <!-- testStatusCode -->
        <test-method signature="testStatusLine()[pri:0, instance:github.restapi.tests.UnfollowUserAPITest@5a709816]" started-at="2022-10-14T10:22:47 PDT" name="testStatusLine" finished-at="2022-10-14T10:22:47 PDT" duration-ms="0" status="PASS">
          <reporter-output>
          </reporter-output>
        </test-method> <!-- testStatusLine -->
        <test-method is-config="true" signature="cleanUp()[pri:0, instance:github.restapi.tests.UnfollowUserAPITest@5a709816]" started-at="2022-10-14T10:22:47 PDT" name="cleanUp" finished-at="2022-10-14T10:22:52 PDT" duration-ms="5004" status="PASS">
          <reporter-output>
          </reporter-output>
        </test-method> <!-- cleanUp -->
      </class> <!-- github.restapi.tests.UnfollowUserAPITest -->
      <class name="github.restapi.tests.GetSpecificUserRepoTest">
        <test-method is-config="true" signature="getSpecificUserRepoAPI()[pri:0, instance:github.restapi.tests.GetSpecificUserRepoTest@16414e40]" started-at="2022-10-14T10:22:23 PDT" name="getSpecificUserRepoAPI" finished-at="2022-10-14T10:22:24 PDT" duration-ms="260" status="PASS">
          <reporter-output>
          </reporter-output>
        </test-method> <!-- getSpecificUserRepoAPI -->
        <test-method signature="testHeaderContentType()[pri:0, instance:github.restapi.tests.GetSpecificUserRepoTest@16414e40]" started-at="2022-10-14T10:22:24 PDT" name="testHeaderContentType" finished-at="2022-10-14T10:22:24 PDT" duration-ms="1" status="PASS">
          <reporter-output>
          </reporter-output>
        </test-method> <!-- testHeaderContentType -->
        <test-method signature="testHeaderEncoding()[pri:0, instance:github.restapi.tests.GetSpecificUserRepoTest@16414e40]" started-at="2022-10-14T10:22:24 PDT" name="testHeaderEncoding" finished-at="2022-10-14T10:22:24 PDT" duration-ms="0" status="PASS">
          <reporter-output>
          </reporter-output>
        </test-method> <!-- testHeaderEncoding -->
        <test-method signature="testHeaderServer()[pri:0, instance:github.restapi.tests.GetSpecificUserRepoTest@16414e40]" started-at="2022-10-14T10:22:24 PDT" name="testHeaderServer" finished-at="2022-10-14T10:22:24 PDT" duration-ms="0" status="PASS">
          <reporter-output>
          </reporter-output>
        </test-method> <!-- testHeaderServer -->
        <test-method signature="testStatusLine()[pri:0, instance:github.restapi.tests.GetSpecificUserRepoTest@16414e40]" started-at="2022-10-14T10:22:24 PDT" name="testStatusLine" finished-at="2022-10-14T10:22:24 PDT" duration-ms="0" status="PASS">
          <reporter-output>
          </reporter-output>
        </test-method> <!-- testStatusLine -->
        <test-method signature="testStatusCode()[pri:0, instance:github.restapi.tests.GetSpecificUserRepoTest@16414e40]" started-at="2022-10-14T10:22:24 PDT" name="testStatusCode" finished-at="2022-10-14T10:22:24 PDT" duration-ms="0" status="PASS">
          <reporter-output>
          </reporter-output>
        </test-method> <!-- testStatusCode -->
        <test-method is-config="true" signature="cleanUp()[pri:0, instance:github.restapi.tests.GetSpecificUserRepoTest@16414e40]" started-at="2022-10-14T10:22:24 PDT" name="cleanUp" finished-at="2022-10-14T10:22:29 PDT" duration-ms="5014" status="PASS">
          <reporter-output>
          </reporter-output>
        </test-method> <!-- cleanUp -->
      </class> <!-- github.restapi.tests.GetSpecificUserRepoTest -->
    </test> <!-- GitHubAPITesting -->
  </suite> <!-- RestAPITesting -->
</testng-results>
