<?xml version="1.0" encoding="UTF-8"?>
<testng-results ignored="0" total="3" passed="3" failed="0" skipped="0">
  <reporter-output>
  </reporter-output>
  <suite started-at="2022-09-28T15:27:58 PDT" name="Default suite" finished-at="2022-09-28T15:28:04 PDT" duration-ms="6134">
    <groups>
    </groups>
    <test started-at="2022-09-28T15:27:58 PDT" name="Default test" finished-at="2022-09-28T15:28:04 PDT" duration-ms="6134">
      <class name="github.restapi.tests.GetUserFollowers">
        <test-method is-config="true" signature="getAllFollwers()[pri:0, instance:github.restapi.tests.GetUserFollowers@6d1ef78d]" started-at="2022-09-28T15:27:58 PDT" name="getAllFollwers" finished-at="2022-09-28T15:27:59 PDT" duration-ms="1085" status="PASS">
          <reporter-output>
          </reporter-output>
        </test-method> <!-- getAllFollwers -->
        <test-method signature="testHeaderServer()[pri:0, instance:github.restapi.tests.GetUserFollowers@6d1ef78d]" started-at="2022-09-28T15:27:59 PDT" name="testHeaderServer" finished-at="2022-09-28T15:27:59 PDT" duration-ms="4" status="PASS">
          <reporter-output>
          </reporter-output>
        </test-method> <!-- testHeaderServer -->
        <test-method signature="testStatusCode()[pri:0, instance:github.restapi.tests.GetUserFollowers@6d1ef78d]" started-at="2022-09-28T15:27:59 PDT" name="testStatusCode" finished-at="2022-09-28T15:27:59 PDT" duration-ms="1" status="PASS">
          <reporter-output>
          </reporter-output>
        </test-method> <!-- testStatusCode -->
        <test-method signature="testStatusLine()[pri:0, instance:github.restapi.tests.GetUserFollowers@6d1ef78d]" started-at="2022-09-28T15:27:59 PDT" name="testStatusLine" finished-at="2022-09-28T15:27:59 PDT" duration-ms="0" status="PASS">
          <reporter-output>
          </reporter-output>
        </test-method> <!-- testStatusLine -->
        <test-method is-config="true" signature="cleanUp()[pri:0, instance:github.restapi.tests.GetUserFollowers@6d1ef78d]" started-at="2022-09-28T15:27:59 PDT" name="cleanUp" finished-at="2022-09-28T15:28:04 PDT" duration-ms="5016" status="PASS">
          <reporter-output>
          </reporter-output>
        </test-method> <!-- cleanUp -->
      </class> <!-- github.restapi.tests.GetUserFollowers -->
    </test> <!-- Default test -->
  </suite> <!-- Default suite -->
</testng-results>
